<?xml version="1.0" encoding="UTF-8"?>
<!-- Generated by org.testng.reporters.JUnitReportReporter -->
<testsuite hostname="GURLPG02P17R" failures="0" tests="3" name="RunWithMultipleTestDataDataProvid9" time="2.827" errors="0" timestamp="2024-07-28T11:55:04 IST" skipped="0">
  <testcase classname="RunWithMultipleTestDataDataProvid9" name="Addbooking" time="0.152"/>
  <testcase classname="RunWithMultipleTestDataDataProvid9" name="Addbooking" time="0.133"/>
  <testcase classname="RunWithMultipleTestDataDataProvid9" name="Addbooking" time="2.542"/>
</testsuite> <!-- RunWithMultipleTestDataDataProvid9 -->
