<?xml version="1.0" encoding="UTF-8"?>
<!-- Generated by org.testng.reporters.JUnitReportReporter -->
<testsuite hostname="GURLPG02P17R" failures="0" tests="1" name="AdvancePayloadCreationStrategies7" time="3.235" errors="0" timestamp="2024-09-18T10:54:41 IST" skipped="0">
  <testcase classname="AdvancePayloadCreationStrategies7" name="Addbook" time="3.235"/>
</testsuite> <!-- AdvancePayloadCreationStrategies7 -->
