<?xml version="1.0" encoding="UTF-8"?>
<!-- Generated by org.testng.reporters.JUnitReportReporter -->
<testsuite hostname="GURLPG02P17R" failures="0" tests="1" name="SendingBodyParamsViaTestFile8" time="2.396" errors="0" timestamp="2024-07-28T00:20:51 IST" skipped="0">
  <testcase classname="SendingBodyParamsViaTestFile8" name="Addbooking" time="2.396"/>
</testsuite> <!-- SendingBodyParamsViaTestFile8 -->
