<?xml version="1.0" encoding="UTF-8"?>
<!-- Generated by org.testng.reporters.JUnitReportReporter -->
<testsuite hostname="GURLPG02P17R" failures="0" tests="1" name="SumValidaionLogicSectionSeven6" time="1.739" errors="0" timestamp="2024-07-26T22:47:33 IST" skipped="0">
  <testcase classname="SumValidaionLogicSectionSeven6" name="sumofprices" time="1.739"/>
</testsuite> <!-- SumValidaionLogicSectionSeven6 -->
